/* Création des actions */ 

insert into Action values (1, ‘AIRBUS GROUP’, 1000, 0); 
insert into Action values (2, 'ATOS', 1000, 0); 
insert into Action values (3, 'AXA', 1000, 0); 
insert into Action values (4, 'BOUYGUES', 1000, 0); 
insert into Action values (5, 'CAPGEMINI», 1000, 0); 
insert into Action values (6, 'DASSAULT SYST.', 1000, 0); 
insert into Action values (7, 'ORANGE', 1000, 0); 
insert into Action values (8, 'SAFRAN', 1000, 0); 
insert into Action values (9, 'SANOFI', 1000, 0); 
insert into Action values (10, 'SCHNEIDER ELECTRIC', 1000, 0); 
insert into Action values (11, 'SOCIETE GENERALE', 1000, 0); 
insert into Action values (12, 'SODEXO', 1000, 0); 
insert into Action values (13, 'SOPRA STERIA GROUP', 1000, 0); 
insert into Action values (14, 'SYNERGIE', 1000, 0); 
insert into Action values (15, 'TF1', 1000, 0); 
insert into Action values (16, 'THALES', 1000, 0); 
insert into Action values (17, 'Boeing Company , 1000, 0); 
insert into Action values (18, 'Cisco Systems, Inc', 1000, 0); 
insert into Action values (19, 'Coca-Cola Compan', 1000, 0); 
insert into Action values (20, 'Goldman Sachs Group, Inc', 1000, 0); 
insert into Action values (21, 'Intel Corporation', 1000, 0); 
insert into Action values (22, 'JP Morgan Chase & Co.', 1000, 0); 
insert into Action values (23, 'McDonald's Corporation', 1000, 0); 
insert into Action values (24, 'Microsoft Corporation', 1000, 0); 
insert into Action values (25, 'Nike, Inc.', 1000, 0); 
insert into Action values (26, 'Pfizer, Inc', 1000, 0); 
insert into Action values (27, 'Procter   &   Gamble   Com-pany', 1000, 0); 
insert into Action values (28, 'The  Travelers  Companies,Inc', 1000, 0); 
insert into Action values (29, 'United Technologies Corpo-ration', 1000, 0); 
insert into Action values (30, 'UnitedHealth  Group  Incor-porated', 1000, 0); 
insert into Action values (31, 'Wal-Mart Stores, Inc.', 1000, 0); 
insert into Action values (32, 'Activision Blizzard, Inc', 1000, 0); 
insert into Action values (33, 'Adobe  Systems  Incorpora-ted', 1000, 0); 
insert into Action values (34, 'Akamai Technologies, Inc', 1000, 0); 
insert into Action values (35, 'Alphabet Inc. Class C Capi-tal', 1000, 0); 
insert into Action values (36, 'Amazon.com, Inc', 1000, 0); 
insert into Action values (37, 'Amgen Inc.', 1000, 0); 
insert into Action values (38, 'Apollo   Education   Group,Inc.', 1000, 0); 
insert into Action values (39, 'Apple Inc.', 1000, 0); 
insert into Action values (40, 'Applied Materials, Inc.', 1000, 0); 
insert into Action values (41, 'ATYR PHARMA INC COM', 1000, 0); 
insert into Action values (42, 'Autodesk, Inc.', 1000, 0); 
insert into Action values (43, 'Automatic    Data    Proces-sing, Inc', 1000, 0); 
insert into Action values (44, 'Baidu, Inc. - American De-posi', 1000, 0); 
insert into Action values (45, 'Bed Bath & Beyond Inc.', 1000, 0); 
insert into Action values (46, 'C.H.  Robinson  Worldwide,Inc', 1000, 0); 
insert into Action values (47, ‘Biogen Inc’, 1000, 0); 
insert into Action values (48, ‘Visa Inc’, 1000, 0); 
